<?xml version="1.0" encoding="UTF-8"?>
<testng-results skipped="0" failed="0" ignored="0" total="3" passed="3">
  <reporter-output>
  </reporter-output>
  <suite name="Suite" duration-ms="13881" started-at="2021-11-25T11:43:32Z" finished-at="2021-11-25T11:43:46Z">
    <groups>
    </groups>
    <test name="Test" duration-ms="13881" started-at="2021-11-25T11:43:32Z" finished-at="2021-11-25T11:43:46Z">
      <class name="azuredemo1.demo1">
        <test-method status="PASS" signature="a_pageload()[pri:0, instance:azuredemo1.demo1@4678c730]" name="a_pageload" is-config="true" duration-ms="8317" started-at="2021-11-25T17:13:24Z" finished-at="2021-11-25T17:13:32Z">
          <reporter-output>
          </reporter-output>
        </test-method> <!-- a_pageload -->
        <test-method status="PASS" signature="b_Login()[pri:0, instance:azuredemo1.demo1@4678c730]" name="b_Login" duration-ms="337" started-at="2021-11-25T17:13:32Z" finished-at="2021-11-25T17:13:32Z">
          <reporter-output>
          </reporter-output>
        </test-method> <!-- b_Login -->
        <test-method status="PASS" signature="c_view_taxcode()[pri:0, instance:azuredemo1.demo1@4678c730]" name="c_view_taxcode" duration-ms="6441" started-at="2021-11-25T17:13:32Z" finished-at="2021-11-25T17:13:39Z">
          <reporter-output>
          </reporter-output>
        </test-method> <!-- c_view_taxcode -->
        <test-method status="PASS" signature="d_logout()[pri:0, instance:azuredemo1.demo1@4678c730]" name="d_logout" duration-ms="7088" started-at="2021-11-25T17:13:39Z" finished-at="2021-11-25T17:13:46Z">
          <reporter-output>
          </reporter-output>
        </test-method> <!-- d_logout -->
        <test-method status="PASS" signature="e_browserclose()[pri:0, instance:azuredemo1.demo1@4678c730]" name="e_browserclose" is-config="true" duration-ms="243" started-at="2021-11-25T17:13:46Z" finished-at="2021-11-25T17:13:46Z">
          <reporter-output>
          </reporter-output>
        </test-method> <!-- e_browserclose -->
      </class> <!-- azuredemo1.demo1 -->
    </test> <!-- Test -->
  </suite> <!-- Suite -->
</testng-results>
